2023-12-11 22:04:14,243 p=4983 u=djazi n=ansible | ansible-playbook [core 2.12.10]
  config file = /home/djazi/apps/ansible/exercice7/ansible.cfg
  configured module search path = ['/home/djazi/.ansible/plugins/modules', '/usr/share/ansible/plugins/modules']
  ansible python module location = /usr/lib/python3/dist-packages/ansible
  ansible collection location = /home/djazi/.ansible/collections:/usr/share/ansible/collections
  executable location = /usr/bin/ansible-playbook
  python version = 3.8.10 (default, Nov 22 2023, 10:22:35) [GCC 9.4.0]
  jinja version = 2.10.1
  libyaml = True
2023-12-11 22:04:14,243 p=4983 u=djazi n=ansible | Using /home/djazi/apps/ansible/exercice7/ansible.cfg as config file
2023-12-11 22:04:14,331 p=4983 u=djazi n=ansible | Skipping callback 'default', as we already have a stdout callback.
2023-12-11 22:04:14,331 p=4983 u=djazi n=ansible | Skipping callback 'minimal', as we already have a stdout callback.
2023-12-11 22:04:14,331 p=4983 u=djazi n=ansible | Skipping callback 'oneline', as we already have a stdout callback.
2023-12-11 22:04:14,332 p=4983 u=djazi n=ansible | PLAYBOOK: db.yml ************************************************************************************************************************************************
2023-12-11 22:04:14,332 p=4983 u=djazi n=ansible | 1 plays in db.yml
2023-12-11 22:04:14,332 p=4983 u=djazi n=ansible | PLAY [DBservers setup] ******************************************************************************************************************************************
2023-12-11 22:04:14,340 p=4983 u=djazi n=ansible | TASK [Gathering Facts] ******************************************************************************************************************************************
2023-12-11 22:04:20,293 p=4983 u=djazi n=ansible | [WARNING]: Platform linux on host db01 is using the discovered Python interpreter at /usr/bin/python3.9, but future installation of another Python interpreter
could change the meaning of that path. See https://docs.ansible.com/ansible-core/2.12/reference_appendices/interpreter_discovery.html for more information.

2023-12-11 22:04:20,293 p=4983 u=djazi n=ansible | ok: [db01]
2023-12-11 22:04:20,300 p=4983 u=djazi n=ansible | META: ran handlers
2023-12-11 22:04:20,306 p=4983 u=djazi n=ansible | TASK [Install mariadb] ******************************************************************************************************************************************
2023-12-11 22:04:24,565 p=4983 u=djazi n=ansible | ok: [db01] => {"changed": false, "msg": "Nothing to do", "rc": 0, "results": []}
2023-12-11 22:04:24,573 p=4983 u=djazi n=ansible | TASK [Start mariadb service] ************************************************************************************************************************************
2023-12-11 22:04:27,731 p=4983 u=djazi n=ansible | ok: [db01] => {"changed": false, "enabled": true, "name": "mariadb", "state": "started", "status": {"AccessSELinuxContext": "system_u:object_r:mysqld_unit_file_t:s0", "ActiveEnterTimestamp": "Mon 2023-12-11 22:04:24 CET", "ActiveEnterTimestampMonotonic": "110322308807", "ActiveExitTimestampMonotonic": "0", "ActiveState": "active", "After": "system.slice network.target systemd-tmpfiles-setup.service sysinit.target systemd-journald.socket basic.target tmp.mount -.mount", "AllowIsolate": "no", "AssertResult": "yes", "AssertTimestamp": "Mon 2023-12-11 22:04:24 CET", "AssertTimestampMonotonic": "110322090582", "Before": "multi-user.target shutdown.target", "BlockIOAccounting": "no", "BlockIOWeight": "[not set]", "CPUAccounting": "yes", "CPUAffinityFromNUMA": "no", "CPUQuotaPerSecUSec": "infinity", "CPUQuotaPeriodUSec": "infinity", "CPUSchedulingPolicy": "0", "CPUSchedulingPriority": "0", "CPUSchedulingResetOnFork": "no", "CPUShares": "[not set]", "CPUUsageNSec": "217966000", "CPUWeight": "[not set]", "CacheDirectoryMode": "0755", "CanFreeze": "yes", "CanIsolate": "no", "CanReload": "no", "CanStart": "yes", "CanStop": "yes", "CapabilityBoundingSet": "cap_chown cap_dac_override cap_dac_read_search cap_fowner cap_fsetid cap_kill cap_setgid cap_setuid cap_setpcap cap_linux_immutable cap_net_bind_service cap_net_broadcast cap_net_admin cap_net_raw cap_ipc_lock cap_ipc_owner cap_sys_module cap_sys_rawio cap_sys_chroot cap_sys_ptrace cap_sys_pacct cap_sys_admin cap_sys_boot cap_sys_nice cap_sys_resource cap_sys_time cap_sys_tty_config cap_mknod cap_lease cap_audit_write cap_audit_control cap_setfcap cap_mac_override cap_mac_admin cap_syslog cap_wake_alarm cap_block_suspend cap_audit_read cap_perfmon cap_bpf cap_checkpoint_restore", "CleanResult": "success", "CollectMode": "inactive", "ConditionResult": "yes", "ConditionTimestamp": "Mon 2023-12-11 22:04:24 CET", "ConditionTimestampMonotonic": "110322090579", "ConfigurationDirectoryMode": "0755", "Conflicts": "shutdown.target", "ControlGroup": "/system.slice/mariadb.service", "ControlGroupId": "35109", "ControlPID": "0", "CoredumpFilter": "0x33", "DefaultDependencies": "yes", "DefaultMemoryLow": "0", "DefaultMemoryMin": "0", "Delegate": "no", "Description": "MariaDB 10.5 database server", "DevicePolicy": "auto", "Documentation": "\"man:mariadbd(8)\" https://mariadb.com/kb/en/library/systemd/", "DynamicUser": "no", "EffectiveCPUs": "0-3", "EffectiveMemoryNodes": "0", "ExecMainCode": "0", "ExecMainExitTimestampMonotonic": "0", "ExecMainPID": "303822", "ExecMainStartTimestamp": "Mon 2023-12-11 22:04:24 CET", "ExecMainStartTimestampMonotonic": "110322197801", "ExecMainStatus": "0", "ExecStart": "{ path=/usr/libexec/mariadbd ; argv[]=/usr/libexec/mariadbd --basedir=/usr $MYSQLD_OPTS $_WSREP_NEW_CLUSTER ; ignore_errors=no ; start_time=[Mon 2023-12-11 22:04:24 CET] ; stop_time=[n/a] ; pid=303822 ; code=(null) ; status=0/0 }", "ExecStartEx": "{ path=/usr/libexec/mariadbd ; argv[]=/usr/libexec/mariadbd --basedir=/usr $MYSQLD_OPTS $_WSREP_NEW_CLUSTER ; flags= ; start_time=[Mon 2023-12-11 22:04:24 CET] ; stop_time=[n/a] ; pid=303822 ; code=(null) ; status=0/0 }", "ExecStartPost": "{ path=/usr/libexec/mariadb-check-upgrade ; argv[]=/usr/libexec/mariadb-check-upgrade ; ignore_errors=no ; start_time=[Mon 2023-12-11 22:04:24 CET] ; stop_time=[Mon 2023-12-11 22:04:24 CET] ; pid=303839 ; code=exited ; status=0 }", "ExecStartPostEx": "{ path=/usr/libexec/mariadb-check-upgrade ; argv[]=/usr/libexec/mariadb-check-upgrade ; flags= ; start_time=[Mon 2023-12-11 22:04:24 CET] ; stop_time=[Mon 2023-12-11 22:04:24 CET] ; pid=303839 ; code=exited ; status=0 }", "ExecStartPre": "{ path=/usr/libexec/mariadb-prepare-db-dir ; argv[]=/usr/libexec/mariadb-prepare-db-dir mariadb.service ; ignore_errors=no ; start_time=[Mon 2023-12-11 22:04:24 CET] ; stop_time=[Mon 2023-12-11 22:04:24 CET] ; pid=303787 ; code=exited ; status=0 }", "ExecStartPreEx": "{ path=/usr/libexec/mariadb-prepare-db-dir ; argv[]=/usr/libexec/mariadb-prepare-db-dir mariadb.service ; flags= ; start_time=[Mon 2023-12-11 22:04:24 CET] ; stop_time=[Mon 2023-12-11 22:04:24 CET] ; pid=303787 ; code=exited ; status=0 }", "ExitType": "main", "FailureAction": "none", "FileDescriptorStoreMax": "0", "FinalKillSignal": "9", "FragmentPath": "/usr/lib/systemd/system/mariadb.service", "FreezerState": "running", "GID": "27", "Group": "mysql", "GuessMainPID": "yes", "IOAccounting": "no", "IOReadBytes": "18446744073709551615", "IOReadOperations": "18446744073709551615", "IOSchedulingClass": "2", "IOSchedulingPriority": "4", "IOWeight": "[not set]", "IOWriteBytes": "18446744073709551615", "IOWriteOperations": "18446744073709551615", "IPAccounting": "no", "IPEgressBytes": "[no data]", "IPEgressPackets": "[no data]", "IPIngressBytes": "[no data]", "IPIngressPackets": "[no data]", "Id": "mariadb.service", "IgnoreOnIsolate": "no", "IgnoreSIGPIPE": "yes", "InactiveEnterTimestampMonotonic": "0", "InactiveExitTimestamp": "Mon 2023-12-11 22:04:24 CET", "InactiveExitTimestampMonotonic": "110322094290", "InvocationID": "d94805507d5345cc802babf88dcefc69", "JobRunningTimeoutUSec": "infinity", "JobTimeoutAction": "none", "JobTimeoutUSec": "infinity", "KeyringMode": "private", "KillMode": "control-group", "KillSignal": "15", "LimitAS": "infinity", "LimitASSoft": "infinity", "LimitCORE": "infinity", "LimitCORESoft": "0", "LimitCPU": "infinity", "LimitCPUSoft": "infinity", "LimitDATA": "infinity", "LimitDATASoft": "infinity", "LimitFSIZE": "infinity", "LimitFSIZESoft": "infinity", "LimitLOCKS": "infinity", "LimitLOCKSSoft": "infinity", "LimitMEMLOCK": "8388608", "LimitMEMLOCKSoft": "8388608", "LimitMSGQUEUE": "819200", "LimitMSGQUEUESoft": "819200", "LimitNICE": "0", "LimitNICESoft": "0", "LimitNOFILE": "524288", "LimitNOFILESoft": "1024", "LimitNPROC": "14834", "LimitNPROCSoft": "14834", "LimitRSS": "infinity", "LimitRSSSoft": "infinity", "LimitRTPRIO": "0", "LimitRTPRIOSoft": "0", "LimitRTTIME": "infinity", "LimitRTTIMESoft": "infinity", "LimitSIGPENDING": "14834", "LimitSIGPENDINGSoft": "14834", "LimitSTACK": "infinity", "LimitSTACKSoft": "8388608", "LoadState": "loaded", "LockPersonality": "no", "LogLevelMax": "-1", "LogRateLimitBurst": "0", "LogRateLimitIntervalUSec": "0", "LogsDirectoryMode": "0755", "MainPID": "303822", "ManagedOOMMemoryPressure": "auto", "ManagedOOMMemoryPressureLimit": "0", "ManagedOOMPreference": "none", "ManagedOOMSwap": "auto", "MemoryAccounting": "yes", "MemoryAvailable": "infinity", "MemoryCurrent": "69046272", "MemoryDenyWriteExecute": "no", "MemoryHigh": "infinity", "MemoryLimit": "infinity", "MemoryLow": "0", "MemoryMax": "infinity", "MemoryMin": "0", "MemorySwapMax": "infinity", "MountAPIVFS": "no", "NFileDescriptorStore": "0", "NRestarts": "0", "NUMAPolicy": "n/a", "Names": "mariadb.service mysqld.service mysql.service", "NeedDaemonReload": "no", "Nice": "0", "NoNewPrivileges": "no", "NonBlocking": "no", "NotifyAccess": "main", "OOMPolicy": "stop", "OOMScoreAdjust": "0", "OnFailureJobMode": "replace", "OnSuccessJobMode": "fail", "Perpetual": "no", "PrivateDevices": "no", "PrivateIPC": "no", "PrivateMounts": "no", "PrivateNetwork": "no", "PrivateTmp": "yes", "PrivateUsers": "no", "ProcSubset": "all", "ProtectClock": "no", "ProtectControlGroups": "no", "ProtectHome": "no", "ProtectHostname": "no", "ProtectKernelLogs": "no", "ProtectKernelModules": "no", "ProtectKernelTunables": "no", "ProtectProc": "default", "ProtectSystem": "no", "RefuseManualStart": "no", "RefuseManualStop": "no", "ReloadResult": "success", "RemainAfterExit": "no", "RemoveIPC": "no", "Requires": "sysinit.target -.mount system.slice", "RequiresMountsFor": "/var/tmp", "Restart": "on-abort", "RestartKillSignal": "15", "RestartUSec": "5s", "RestrictNamespaces": "no", "RestrictRealtime": "no", "RestrictSUIDSGID": "no", "Result": "success", "RootDirectoryStartOnly": "no", "RuntimeDirectoryMode": "0755", "RuntimeDirectoryPreserve": "no", "RuntimeMaxUSec": "infinity", "RuntimeRandomizedExtraUSec": "0", "SameProcessGroup": "no", "SecureBits": "0", "SendSIGHUP": "no", "SendSIGKILL": "no", "Slice": "system.slice", "StandardError": "inherit", "StandardInput": "null", "StandardOutput": "journal", "StartLimitAction": "none", "StartLimitBurst": "5", "StartLimitIntervalUSec": "10s", "StartupBlockIOWeight": "[not set]", "StartupCPUShares": "[not set]", "StartupCPUWeight": "[not set]", "StartupIOWeight": "[not set]", "StateChangeTimestamp": "Mon 2023-12-11 22:04:24 CET", "StateChangeTimestampMonotonic": "110322308807", "StateDirectoryMode": "0755", "StatusErrno": "0", "StatusText": "Taking your SQL requests now...", "StopWhenUnneeded": "no", "SubState": "running", "SuccessAction": "none", "SyslogFacility": "3", "SyslogLevel": "6", "SyslogLevelPrefix": "yes", "SyslogPriority": "30", "SystemCallErrorNumber": "2147483646", "TTYReset": "no", "TTYVHangup": "no", "TTYVTDisallocate": "no", "TasksAccounting": "yes", "TasksCurrent": "17", "TasksMax": "23735", "TimeoutAbortUSec": "5min", "TimeoutCleanUSec": "infinity", "TimeoutStartFailureMode": "terminate", "TimeoutStartUSec": "5min", "TimeoutStopFailureMode": "terminate", "TimeoutStopUSec": "5min", "TimerSlackNSec": "50000", "Transient": "no", "Type": "notify", "UID": "27", "UMask": "0007", "UnitFilePreset": "disabled", "UnitFileState": "enabled", "User": "mysql", "UtmpMode": "init", "WantedBy": "multi-user.target", "WatchdogSignal": "6", "WatchdogTimestampMonotonic": "0", "WatchdogUSec": "0"}}
2023-12-11 22:04:27,739 p=4983 u=djazi n=ansible | TASK [Install python3 mysql] ************************************************************************************************************************************
2023-12-11 22:04:31,185 p=4983 u=djazi n=ansible | ok: [db01] => {"changed": false, "msg": "Nothing to do", "rc": 0, "results": []}
2023-12-11 22:04:31,191 p=4983 u=djazi n=ansible | TASK [create database] ******************************************************************************************************************************************
2023-12-11 22:04:34,944 p=4983 u=djazi n=ansible | ok: [db01] => {"changed": false, "db": "electric", "db_list": ["electric"], "executed_commands": []}
2023-12-11 22:04:34,951 p=4983 u=djazi n=ansible | TASK [create new  database] *************************************************************************************************************************************
2023-12-11 22:04:40,739 p=4983 u=djazi n=ansible | [WARNING]: Option column_case_sensitive is not provided. The default is now false, so the column's name will be uppercased. The default will be changed to true
in community.mysql 4.0.0.

2023-12-11 22:04:40,739 p=4983 u=djazi n=ansible | ok: [db01] => {"changed": false, "msg": "User unchanged", "password_changed": false, "user": "current"}
2023-12-11 22:04:40,746 p=4983 u=djazi n=ansible | META: ran handlers
2023-12-11 22:04:40,752 p=4983 u=djazi n=ansible | META: ran handlers
2023-12-11 22:04:40,753 p=4983 u=djazi n=ansible | PLAY RECAP ******************************************************************************************************************************************************
2023-12-11 22:04:40,753 p=4983 u=djazi n=ansible | db01                       : ok=6    changed=0    unreachable=0    failed=0    skipped=0    rescued=0    ignored=0   
2023-12-11 22:07:05,787 p=5846 u=djazi n=ansible | ansible-playbook [core 2.12.10]
  config file = /home/djazi/apps/ansible/exercice7/ansible.cfg
  configured module search path = ['/home/djazi/.ansible/plugins/modules', '/usr/share/ansible/plugins/modules']
  ansible python module location = /usr/lib/python3/dist-packages/ansible
  ansible collection location = /home/djazi/.ansible/collections:/usr/share/ansible/collections
  executable location = /usr/bin/ansible-playbook
  python version = 3.8.10 (default, Nov 22 2023, 10:22:35) [GCC 9.4.0]
  jinja version = 2.10.1
  libyaml = True
2023-12-11 22:07:05,787 p=5846 u=djazi n=ansible | Using /home/djazi/apps/ansible/exercice7/ansible.cfg as config file
2023-12-11 22:07:05,877 p=5846 u=djazi n=ansible | Skipping callback 'default', as we already have a stdout callback.
2023-12-11 22:07:05,877 p=5846 u=djazi n=ansible | Skipping callback 'minimal', as we already have a stdout callback.
2023-12-11 22:07:05,877 p=5846 u=djazi n=ansible | Skipping callback 'oneline', as we already have a stdout callback.
2023-12-11 22:07:05,877 p=5846 u=djazi n=ansible | PLAYBOOK: db.yml ************************************************************************************************************************************************
2023-12-11 22:07:05,878 p=5846 u=djazi n=ansible | 1 plays in db.yml
2023-12-11 22:07:05,878 p=5846 u=djazi n=ansible | PLAY [DBservers setup] ******************************************************************************************************************************************
2023-12-11 22:07:05,886 p=5846 u=djazi n=ansible | TASK [Gathering Facts] ******************************************************************************************************************************************
2023-12-11 22:07:14,424 p=5846 u=djazi n=ansible | [WARNING]: Platform linux on host db01 is using the discovered Python interpreter at /usr/bin/python3.9, but future installation of another Python interpreter
could change the meaning of that path. See https://docs.ansible.com/ansible-core/2.12/reference_appendices/interpreter_discovery.html for more information.

2023-12-11 22:07:14,424 p=5846 u=djazi n=ansible | ok: [db01]
2023-12-11 22:07:14,430 p=5846 u=djazi n=ansible | META: ran handlers
2023-12-11 22:07:14,436 p=5846 u=djazi n=ansible | TASK [debug] ****************************************************************************************************************************************************
2023-12-11 22:07:14,453 p=5846 u=djazi n=ansible | ok: [db01] => {
    "msg": "The electric current tesla"
}
2023-12-11 22:07:14,458 p=5846 u=djazi n=ansible | TASK [Install mariadb] ******************************************************************************************************************************************
2023-12-11 22:07:27,925 p=5846 u=djazi n=ansible | ok: [db01] => {"changed": false, "msg": "Nothing to do", "rc": 0, "results": []}
2023-12-11 22:07:27,932 p=5846 u=djazi n=ansible | TASK [Start mariadb service] ************************************************************************************************************************************
2023-12-11 22:07:34,676 p=5846 u=djazi n=ansible | ok: [db01] => {"changed": false, "enabled": true, "name": "mariadb", "state": "started", "status": {"AccessSELinuxContext": "system_u:object_r:mysqld_unit_file_t:s0", "ActiveEnterTimestamp": "Mon 2023-12-11 22:04:24 CET", "ActiveEnterTimestampMonotonic": "110322308807", "ActiveExitTimestampMonotonic": "0", "ActiveState": "active", "After": "system.slice network.target systemd-tmpfiles-setup.service sysinit.target systemd-journald.socket basic.target tmp.mount -.mount", "AllowIsolate": "no", "AssertResult": "yes", "AssertTimestamp": "Mon 2023-12-11 22:04:24 CET", "AssertTimestampMonotonic": "110322090582", "Before": "multi-user.target shutdown.target", "BlockIOAccounting": "no", "BlockIOWeight": "[not set]", "CPUAccounting": "yes", "CPUAffinityFromNUMA": "no", "CPUQuotaPerSecUSec": "infinity", "CPUQuotaPeriodUSec": "infinity", "CPUSchedulingPolicy": "0", "CPUSchedulingPriority": "0", "CPUSchedulingResetOnFork": "no", "CPUShares": "[not set]", "CPUUsageNSec": "243075000", "CPUWeight": "[not set]", "CacheDirectoryMode": "0755", "CanFreeze": "yes", "CanIsolate": "no", "CanReload": "no", "CanStart": "yes", "CanStop": "yes", "CapabilityBoundingSet": "cap_chown cap_dac_override cap_dac_read_search cap_fowner cap_fsetid cap_kill cap_setgid cap_setuid cap_setpcap cap_linux_immutable cap_net_bind_service cap_net_broadcast cap_net_admin cap_net_raw cap_ipc_lock cap_ipc_owner cap_sys_module cap_sys_rawio cap_sys_chroot cap_sys_ptrace cap_sys_pacct cap_sys_admin cap_sys_boot cap_sys_nice cap_sys_resource cap_sys_time cap_sys_tty_config cap_mknod cap_lease cap_audit_write cap_audit_control cap_setfcap cap_mac_override cap_mac_admin cap_syslog cap_wake_alarm cap_block_suspend cap_audit_read cap_perfmon cap_bpf cap_checkpoint_restore", "CleanResult": "success", "CollectMode": "inactive", "ConditionResult": "yes", "ConditionTimestamp": "Mon 2023-12-11 22:04:24 CET", "ConditionTimestampMonotonic": "110322090579", "ConfigurationDirectoryMode": "0755", "Conflicts": "shutdown.target", "ControlGroup": "/system.slice/mariadb.service", "ControlGroupId": "35109", "ControlPID": "0", "CoredumpFilter": "0x33", "DefaultDependencies": "yes", "DefaultMemoryLow": "0", "DefaultMemoryMin": "0", "Delegate": "no", "Description": "MariaDB 10.5 database server", "DevicePolicy": "auto", "Documentation": "\"man:mariadbd(8)\" https://mariadb.com/kb/en/library/systemd/", "DynamicUser": "no", "EffectiveCPUs": "0-3", "EffectiveMemoryNodes": "0", "ExecMainCode": "0", "ExecMainExitTimestampMonotonic": "0", "ExecMainPID": "303822", "ExecMainStartTimestamp": "Mon 2023-12-11 22:04:24 CET", "ExecMainStartTimestampMonotonic": "110322197801", "ExecMainStatus": "0", "ExecStart": "{ path=/usr/libexec/mariadbd ; argv[]=/usr/libexec/mariadbd --basedir=/usr $MYSQLD_OPTS $_WSREP_NEW_CLUSTER ; ignore_errors=no ; start_time=[Mon 2023-12-11 22:04:24 CET] ; stop_time=[n/a] ; pid=303822 ; code=(null) ; status=0/0 }", "ExecStartEx": "{ path=/usr/libexec/mariadbd ; argv[]=/usr/libexec/mariadbd --basedir=/usr $MYSQLD_OPTS $_WSREP_NEW_CLUSTER ; flags= ; start_time=[Mon 2023-12-11 22:04:24 CET] ; stop_time=[n/a] ; pid=303822 ; code=(null) ; status=0/0 }", "ExecStartPost": "{ path=/usr/libexec/mariadb-check-upgrade ; argv[]=/usr/libexec/mariadb-check-upgrade ; ignore_errors=no ; start_time=[Mon 2023-12-11 22:04:24 CET] ; stop_time=[Mon 2023-12-11 22:04:24 CET] ; pid=303839 ; code=exited ; status=0 }", "ExecStartPostEx": "{ path=/usr/libexec/mariadb-check-upgrade ; argv[]=/usr/libexec/mariadb-check-upgrade ; flags= ; start_time=[Mon 2023-12-11 22:04:24 CET] ; stop_time=[Mon 2023-12-11 22:04:24 CET] ; pid=303839 ; code=exited ; status=0 }", "ExecStartPre": "{ path=/usr/libexec/mariadb-prepare-db-dir ; argv[]=/usr/libexec/mariadb-prepare-db-dir mariadb.service ; ignore_errors=no ; start_time=[Mon 2023-12-11 22:04:24 CET] ; stop_time=[Mon 2023-12-11 22:04:24 CET] ; pid=303787 ; code=exited ; status=0 }", "ExecStartPreEx": "{ path=/usr/libexec/mariadb-prepare-db-dir ; argv[]=/usr/libexec/mariadb-prepare-db-dir mariadb.service ; flags= ; start_time=[Mon 2023-12-11 22:04:24 CET] ; stop_time=[Mon 2023-12-11 22:04:24 CET] ; pid=303787 ; code=exited ; status=0 }", "ExitType": "main", "FailureAction": "none", "FileDescriptorStoreMax": "0", "FinalKillSignal": "9", "FragmentPath": "/usr/lib/systemd/system/mariadb.service", "FreezerState": "running", "GID": "27", "Group": "mysql", "GuessMainPID": "yes", "IOAccounting": "no", "IOReadBytes": "18446744073709551615", "IOReadOperations": "18446744073709551615", "IOSchedulingClass": "2", "IOSchedulingPriority": "4", "IOWeight": "[not set]", "IOWriteBytes": "18446744073709551615", "IOWriteOperations": "18446744073709551615", "IPAccounting": "no", "IPEgressBytes": "[no data]", "IPEgressPackets": "[no data]", "IPIngressBytes": "[no data]", "IPIngressPackets": "[no data]", "Id": "mariadb.service", "IgnoreOnIsolate": "no", "IgnoreSIGPIPE": "yes", "InactiveEnterTimestampMonotonic": "0", "InactiveExitTimestamp": "Mon 2023-12-11 22:04:24 CET", "InactiveExitTimestampMonotonic": "110322094290", "InvocationID": "d94805507d5345cc802babf88dcefc69", "JobRunningTimeoutUSec": "infinity", "JobTimeoutAction": "none", "JobTimeoutUSec": "infinity", "KeyringMode": "private", "KillMode": "control-group", "KillSignal": "15", "LimitAS": "infinity", "LimitASSoft": "infinity", "LimitCORE": "infinity", "LimitCORESoft": "0", "LimitCPU": "infinity", "LimitCPUSoft": "infinity", "LimitDATA": "infinity", "LimitDATASoft": "infinity", "LimitFSIZE": "infinity", "LimitFSIZESoft": "infinity", "LimitLOCKS": "infinity", "LimitLOCKSSoft": "infinity", "LimitMEMLOCK": "8388608", "LimitMEMLOCKSoft": "8388608", "LimitMSGQUEUE": "819200", "LimitMSGQUEUESoft": "819200", "LimitNICE": "0", "LimitNICESoft": "0", "LimitNOFILE": "524288", "LimitNOFILESoft": "1024", "LimitNPROC": "14834", "LimitNPROCSoft": "14834", "LimitRSS": "infinity", "LimitRSSSoft": "infinity", "LimitRTPRIO": "0", "LimitRTPRIOSoft": "0", "LimitRTTIME": "infinity", "LimitRTTIMESoft": "infinity", "LimitSIGPENDING": "14834", "LimitSIGPENDINGSoft": "14834", "LimitSTACK": "infinity", "LimitSTACKSoft": "8388608", "LoadState": "loaded", "LockPersonality": "no", "LogLevelMax": "-1", "LogRateLimitBurst": "0", "LogRateLimitIntervalUSec": "0", "LogsDirectoryMode": "0755", "MainPID": "303822", "ManagedOOMMemoryPressure": "auto", "ManagedOOMMemoryPressureLimit": "0", "ManagedOOMPreference": "none", "ManagedOOMSwap": "auto", "MemoryAccounting": "yes", "MemoryAvailable": "infinity", "MemoryCurrent": "66826240", "MemoryDenyWriteExecute": "no", "MemoryHigh": "infinity", "MemoryLimit": "infinity", "MemoryLow": "0", "MemoryMax": "infinity", "MemoryMin": "0", "MemorySwapMax": "infinity", "MountAPIVFS": "no", "NFileDescriptorStore": "0", "NRestarts": "0", "NUMAPolicy": "n/a", "Names": "mariadb.service mysqld.service mysql.service", "NeedDaemonReload": "no", "Nice": "0", "NoNewPrivileges": "no", "NonBlocking": "no", "NotifyAccess": "main", "OOMPolicy": "stop", "OOMScoreAdjust": "0", "OnFailureJobMode": "replace", "OnSuccessJobMode": "fail", "Perpetual": "no", "PrivateDevices": "no", "PrivateIPC": "no", "PrivateMounts": "no", "PrivateNetwork": "no", "PrivateTmp": "yes", "PrivateUsers": "no", "ProcSubset": "all", "ProtectClock": "no", "ProtectControlGroups": "no", "ProtectHome": "no", "ProtectHostname": "no", "ProtectKernelLogs": "no", "ProtectKernelModules": "no", "ProtectKernelTunables": "no", "ProtectProc": "default", "ProtectSystem": "no", "RefuseManualStart": "no", "RefuseManualStop": "no", "ReloadResult": "success", "RemainAfterExit": "no", "RemoveIPC": "no", "Requires": "sysinit.target -.mount system.slice", "RequiresMountsFor": "/var/tmp", "Restart": "on-abort", "RestartKillSignal": "15", "RestartUSec": "5s", "RestrictNamespaces": "no", "RestrictRealtime": "no", "RestrictSUIDSGID": "no", "Result": "success", "RootDirectoryStartOnly": "no", "RuntimeDirectoryMode": "0755", "RuntimeDirectoryPreserve": "no", "RuntimeMaxUSec": "infinity", "RuntimeRandomizedExtraUSec": "0", "SameProcessGroup": "no", "SecureBits": "0", "SendSIGHUP": "no", "SendSIGKILL": "no", "Slice": "system.slice", "StandardError": "inherit", "StandardInput": "null", "StandardOutput": "journal", "StartLimitAction": "none", "StartLimitBurst": "5", "StartLimitIntervalUSec": "10s", "StartupBlockIOWeight": "[not set]", "StartupCPUShares": "[not set]", "StartupCPUWeight": "[not set]", "StartupIOWeight": "[not set]", "StateChangeTimestamp": "Mon 2023-12-11 22:04:24 CET", "StateChangeTimestampMonotonic": "110322308807", "StateDirectoryMode": "0755", "StatusErrno": "0", "StatusText": "Taking your SQL requests now...", "StopWhenUnneeded": "no", "SubState": "running", "SuccessAction": "none", "SyslogFacility": "3", "SyslogLevel": "6", "SyslogLevelPrefix": "yes", "SyslogPriority": "30", "SystemCallErrorNumber": "2147483646", "TTYReset": "no", "TTYVHangup": "no", "TTYVTDisallocate": "no", "TasksAccounting": "yes", "TasksCurrent": "9", "TasksMax": "23735", "TimeoutAbortUSec": "5min", "TimeoutCleanUSec": "infinity", "TimeoutStartFailureMode": "terminate", "TimeoutStartUSec": "5min", "TimeoutStopFailureMode": "terminate", "TimeoutStopUSec": "5min", "TimerSlackNSec": "50000", "Transient": "no", "Type": "notify", "UID": "27", "UMask": "0007", "UnitFilePreset": "disabled", "UnitFileState": "enabled", "User": "mysql", "UtmpMode": "init", "WantedBy": "multi-user.target", "WatchdogSignal": "6", "WatchdogTimestampMonotonic": "0", "WatchdogUSec": "0"}}
2023-12-11 22:07:34,684 p=5846 u=djazi n=ansible | TASK [Install python3 mysql] ************************************************************************************************************************************
2023-12-11 22:07:49,149 p=5846 u=djazi n=ansible | ok: [db01] => {"changed": false, "msg": "Nothing to do", "rc": 0, "results": []}
2023-12-11 22:07:49,156 p=5846 u=djazi n=ansible | TASK [create database] ******************************************************************************************************************************************
2023-12-11 22:07:55,500 p=5846 u=djazi n=ansible | ok: [db01] => {"changed": false, "db": "electric", "db_list": ["electric"], "executed_commands": []}
2023-12-11 22:07:55,508 p=5846 u=djazi n=ansible | TASK [create new  database] *************************************************************************************************************************************
2023-12-11 22:08:00,970 p=5846 u=djazi n=ansible | [WARNING]: Option column_case_sensitive is not provided. The default is now false, so the column's name will be uppercased. The default will be changed to true
in community.mysql 4.0.0.

2023-12-11 22:08:00,970 p=5846 u=djazi n=ansible | ok: [db01] => {"changed": false, "msg": "User unchanged", "password_changed": false, "user": "current"}
2023-12-11 22:08:00,976 p=5846 u=djazi n=ansible | META: ran handlers
2023-12-11 22:08:00,982 p=5846 u=djazi n=ansible | META: ran handlers
2023-12-11 22:08:00,983 p=5846 u=djazi n=ansible | PLAY RECAP ******************************************************************************************************************************************************
2023-12-11 22:08:00,983 p=5846 u=djazi n=ansible | db01                       : ok=7    changed=0    unreachable=0    failed=0    skipped=0    rescued=0    ignored=0   
2023-12-11 22:10:13,834 p=7005 u=djazi n=ansible | PLAY [DBservers setup] ******************************************************************************************************************************************
2023-12-11 22:10:13,842 p=7005 u=djazi n=ansible | TASK [Gathering Facts] ******************************************************************************************************************************************
2023-12-11 22:10:25,676 p=7005 u=djazi n=ansible | [WARNING]: Platform linux on host db01 is using the discovered Python interpreter at /usr/bin/python3.9, but future installation of another Python interpreter
could change the meaning of that path. See https://docs.ansible.com/ansible-core/2.12/reference_appendices/interpreter_discovery.html for more information.

2023-12-11 22:10:25,676 p=7005 u=djazi n=ansible | ok: [db01]
2023-12-11 22:10:25,687 p=7005 u=djazi n=ansible | TASK [debug] ****************************************************************************************************************************************************
2023-12-11 22:10:25,702 p=7005 u=djazi n=ansible | ok: [db01] => {
    "msg": "The electric current tesla"
}
2023-12-11 22:10:25,710 p=7005 u=djazi n=ansible | TASK [Install mariadb] ******************************************************************************************************************************************
2023-12-11 22:10:30,759 p=7005 u=djazi n=ansible | ok: [db01]
2023-12-11 22:10:30,766 p=7005 u=djazi n=ansible | TASK [Start mariadb service] ************************************************************************************************************************************
2023-12-11 22:10:36,419 p=7005 u=djazi n=ansible | ok: [db01]
2023-12-11 22:10:36,426 p=7005 u=djazi n=ansible | TASK [Install python3 mysql] ************************************************************************************************************************************
2023-12-11 22:10:41,624 p=7005 u=djazi n=ansible | ok: [db01]
2023-12-11 22:10:41,631 p=7005 u=djazi n=ansible | TASK [create database] ******************************************************************************************************************************************
2023-12-11 22:10:45,979 p=7005 u=djazi n=ansible | ok: [db01]
2023-12-11 22:10:45,987 p=7005 u=djazi n=ansible | TASK [create new  database] *************************************************************************************************************************************
2023-12-11 22:10:50,801 p=7005 u=djazi n=ansible | [WARNING]: Option column_case_sensitive is not provided. The default is now false, so the column's name will be uppercased. The default will be changed to true
in community.mysql 4.0.0.

2023-12-11 22:10:50,801 p=7005 u=djazi n=ansible | ok: [db01]
2023-12-11 22:10:50,808 p=7005 u=djazi n=ansible | TASK [print output] *********************************************************************************************************************************************
2023-12-11 22:10:50,825 p=7005 u=djazi n=ansible | ok: [db01] => {
    "dbout": {
        "changed": false,
        "failed": false,
        "msg": "User unchanged",
        "password_changed": false,
        "user": "current",
        "warnings": [
            "Option column_case_sensitive is not provided. The default is now false, so the column's name will be uppercased. The default will be changed to true in community.mysql 4.0.0."
        ]
    }
}
2023-12-11 22:10:50,837 p=7005 u=djazi n=ansible | PLAY RECAP ******************************************************************************************************************************************************
2023-12-11 22:10:50,837 p=7005 u=djazi n=ansible | db01                       : ok=8    changed=0    unreachable=0    failed=0    skipped=0    rescued=0    ignored=0   
2023-12-11 22:14:53,139 p=8551 u=djazi n=ansible | PLAY [DBservers setup] ******************************************************************************************************************************************
2023-12-11 22:14:53,146 p=8551 u=djazi n=ansible | TASK [Gathering Facts] ******************************************************************************************************************************************
2023-12-11 22:15:00,528 p=8551 u=djazi n=ansible | [WARNING]: Platform linux on host db01 is using the discovered Python interpreter at /usr/bin/python3.9, but future installation of another Python interpreter
could change the meaning of that path. See https://docs.ansible.com/ansible-core/2.12/reference_appendices/interpreter_discovery.html for more information.

2023-12-11 22:15:00,528 p=8551 u=djazi n=ansible | ok: [db01]
2023-12-11 22:15:00,541 p=8551 u=djazi n=ansible | TASK [debug] ****************************************************************************************************************************************************
2023-12-11 22:15:00,549 p=8551 u=djazi n=ansible | fatal: [db01]: FAILED! => {"msg": "The task includes an option with an undefined variable. The error was: 'dbname' is undefined\n\nThe error appears to be in '/home/djazi/apps/ansible/exercice7/db_vars_outside.yml': line 6, column 7, but may\nbe elsewhere in the file depending on the exact syntax problem.\n\nThe offending line appears to be:\n\n  tasks:\n    - debug:\n      ^ here\n"}
2023-12-11 22:15:00,550 p=8551 u=djazi n=ansible | PLAY RECAP ******************************************************************************************************************************************************
2023-12-11 22:15:00,550 p=8551 u=djazi n=ansible | db01                       : ok=1    changed=0    unreachable=0    failed=1    skipped=0    rescued=0    ignored=0   
2023-12-11 22:15:19,748 p=8778 u=djazi n=ansible | PLAY [DBservers setup] ******************************************************************************************************************************************
2023-12-11 22:15:19,755 p=8778 u=djazi n=ansible | TASK [Gathering Facts] ******************************************************************************************************************************************
2023-12-11 22:15:23,606 p=8778 u=djazi n=ansible | [WARNING]: Platform linux on host db01 is using the discovered Python interpreter at /usr/bin/python3.9, but future installation of another Python interpreter
could change the meaning of that path. See https://docs.ansible.com/ansible-core/2.12/reference_appendices/interpreter_discovery.html for more information.

2023-12-11 22:15:23,606 p=8778 u=djazi n=ansible | ok: [db01]
2023-12-11 22:15:23,618 p=8778 u=djazi n=ansible | TASK [debug] ****************************************************************************************************************************************************
2023-12-11 22:15:23,624 p=8778 u=djazi n=ansible | fatal: [db01]: FAILED! => {"msg": "The task includes an option with an undefined variable. The error was: 'dbname' is undefined\n\nThe error appears to be in '/home/djazi/apps/ansible/exercice7/db_vars_outside.yml': line 6, column 7, but may\nbe elsewhere in the file depending on the exact syntax problem.\n\nThe offending line appears to be:\n\n  tasks:\n    - debug:\n      ^ here\n"}
2023-12-11 22:15:23,625 p=8778 u=djazi n=ansible | PLAY RECAP ******************************************************************************************************************************************************
2023-12-11 22:15:23,626 p=8778 u=djazi n=ansible | db01                       : ok=1    changed=0    unreachable=0    failed=1    skipped=0    rescued=0    ignored=0   
2023-12-11 22:16:17,521 p=9084 u=djazi n=ansible | PLAY [DBservers setup] ******************************************************************************************************************************************
2023-12-11 22:16:17,529 p=9084 u=djazi n=ansible | TASK [Gathering Facts] ******************************************************************************************************************************************
2023-12-11 22:16:28,973 p=9084 u=djazi n=ansible | [WARNING]: Platform linux on host db01 is using the discovered Python interpreter at /usr/bin/python3.9, but future installation of another Python interpreter
could change the meaning of that path. See https://docs.ansible.com/ansible-core/2.12/reference_appendices/interpreter_discovery.html for more information.

2023-12-11 22:16:28,974 p=9084 u=djazi n=ansible | ok: [db01]
2023-12-11 22:16:28,985 p=9084 u=djazi n=ansible | TASK [debug] ****************************************************************************************************************************************************
2023-12-11 22:16:28,993 p=9084 u=djazi n=ansible | fatal: [db01]: FAILED! => {"msg": "The task includes an option with an undefined variable. The error was: 'dbname' is undefined\n\nThe error appears to be in '/home/djazi/apps/ansible/exercice7/db_vars_outside.yml': line 6, column 7, but may\nbe elsewhere in the file depending on the exact syntax problem.\n\nThe offending line appears to be:\n\n  tasks:\n    - debug:\n      ^ here\n"}
2023-12-11 22:16:28,994 p=9084 u=djazi n=ansible | PLAY RECAP ******************************************************************************************************************************************************
2023-12-11 22:16:28,994 p=9084 u=djazi n=ansible | db01                       : ok=1    changed=0    unreachable=0    failed=1    skipped=0    rescued=0    ignored=0   
2023-12-11 22:16:48,922 p=9322 u=djazi n=ansible | PLAY [DBservers setup] ******************************************************************************************************************************************
2023-12-11 22:16:48,929 p=9322 u=djazi n=ansible | TASK [Gathering Facts] ******************************************************************************************************************************************
2023-12-11 22:16:53,021 p=9322 u=djazi n=ansible | [WARNING]: Platform linux on host db01 is using the discovered Python interpreter at /usr/bin/python3.9, but future installation of another Python interpreter
could change the meaning of that path. See https://docs.ansible.com/ansible-core/2.12/reference_appendices/interpreter_discovery.html for more information.

2023-12-11 22:16:53,021 p=9322 u=djazi n=ansible | ok: [db01]
2023-12-11 22:16:53,033 p=9322 u=djazi n=ansible | TASK [debug] ****************************************************************************************************************************************************
2023-12-11 22:16:53,040 p=9322 u=djazi n=ansible | fatal: [db01]: FAILED! => {"msg": "The task includes an option with an undefined variable. The error was: 'dbname' is undefined\n\nThe error appears to be in '/home/djazi/apps/ansible/exercice7/db_vars_outside.yml': line 7, column 7, but may\nbe elsewhere in the file depending on the exact syntax problem.\n\nThe offending line appears to be:\n\n  tasks:\n    - debug:\n      ^ here\n"}
2023-12-11 22:16:53,041 p=9322 u=djazi n=ansible | PLAY RECAP ******************************************************************************************************************************************************
2023-12-11 22:16:53,042 p=9322 u=djazi n=ansible | db01                       : ok=1    changed=0    unreachable=0    failed=1    skipped=0    rescued=0    ignored=0   
2023-12-11 22:17:59,516 p=9744 u=djazi n=ansible | PLAY [DBservers setup] ******************************************************************************************************************************************
2023-12-11 22:17:59,523 p=9744 u=djazi n=ansible | TASK [Gathering Facts] ******************************************************************************************************************************************
2023-12-11 22:18:04,104 p=9744 u=djazi n=ansible | [WARNING]: Platform linux on host db01 is using the discovered Python interpreter at /usr/bin/python3.9, but future installation of another Python interpreter
could change the meaning of that path. See https://docs.ansible.com/ansible-core/2.12/reference_appendices/interpreter_discovery.html for more information.

2023-12-11 22:18:04,104 p=9744 u=djazi n=ansible | ok: [db01]
2023-12-11 22:18:04,117 p=9744 u=djazi n=ansible | TASK [debug] ****************************************************************************************************************************************************
2023-12-11 22:18:04,131 p=9744 u=djazi n=ansible | ok: [db01] => {
    "msg": "The sky pilot aircraft"
}
2023-12-11 22:18:04,138 p=9744 u=djazi n=ansible | TASK [Install mariadb] ******************************************************************************************************************************************
2023-12-11 22:18:07,260 p=9744 u=djazi n=ansible | ok: [db01]
2023-12-11 22:18:07,267 p=9744 u=djazi n=ansible | TASK [Start mariadb service] ************************************************************************************************************************************
2023-12-11 22:18:12,051 p=9744 u=djazi n=ansible | ok: [db01]
2023-12-11 22:18:12,057 p=9744 u=djazi n=ansible | TASK [Install python3 mysql] ************************************************************************************************************************************
2023-12-11 22:18:15,270 p=9744 u=djazi n=ansible | ok: [db01]
2023-12-11 22:18:15,277 p=9744 u=djazi n=ansible | TASK [create database] ******************************************************************************************************************************************
2023-12-11 22:18:18,762 p=9744 u=djazi n=ansible | changed: [db01]
2023-12-11 22:18:18,769 p=9744 u=djazi n=ansible | TASK [create new  database] *************************************************************************************************************************************
2023-12-11 22:18:21,387 p=9744 u=djazi n=ansible | [WARNING]: Option column_case_sensitive is not provided. The default is now false, so the column's name will be uppercased. The default will be changed to true
in community.mysql 4.0.0.

2023-12-11 22:18:21,387 p=9744 u=djazi n=ansible | changed: [db01]
2023-12-11 22:18:21,394 p=9744 u=djazi n=ansible | TASK [print output] *********************************************************************************************************************************************
2023-12-11 22:18:21,429 p=9744 u=djazi n=ansible | ok: [db01] => {
    "dbout": {
        "changed": true,
        "failed": false,
        "msg": "User added",
        "password_changed": true,
        "user": "pilot",
        "warnings": [
            "Option column_case_sensitive is not provided. The default is now false, so the column's name will be uppercased. The default will be changed to true in community.mysql 4.0.0."
        ]
    }
}
2023-12-11 22:18:21,441 p=9744 u=djazi n=ansible | PLAY RECAP ******************************************************************************************************************************************************
2023-12-11 22:18:21,441 p=9744 u=djazi n=ansible | db01                       : ok=8    changed=2    unreachable=0    failed=0    skipped=0    rescued=0    ignored=0   
